{"F:\\FrontEnd\\Code\\swell-node-core\\src\\rm\\index.ts": {"path":"F:\\FrontEnd\\Code\\swell-node-core\\src\\rm\\index.ts","statementMap":{"0":{"start":{"line":1,"column":0},"end":{"line":1,"column":26}},"1":{"start":{"line":2,"column":0},"end":{"line":2,"column":22}},"2":{"start":{"line":3,"column":0},"end":{"line":3,"column":24}},"3":{"start":{"line":4,"column":0},"end":{"line":4,"column":54}},"4":{"start":{"line":5,"column":0},"end":{"line":5,"column":56}},"5":{"start":{"line":6,"column":0},"end":{"line":6,"column":62}},"6":{"start":{"line":7,"column":0},"end":{"line":7,"column":54}},"7":{"start":{"line":10,"column":12},"end":{"line":10,"column":25}},"8":{"start":{"line":11,"column":16},"end":{"line":11,"column":33}},"9":{"start":{"line":14,"column":18},"end":{"line":14,"column":45}},"10":{"start":{"line":16,"column":2},"end":{"line":36,"column":null}},"11":{"start":{"line":17,"column":17},"end":{"line":17,"column":52}},"12":{"start":{"line":19,"column":4},"end":{"line":22,"column":null}},"13":{"start":{"line":20,"column":6},"end":{"line":20,"column":63}},"14":{"start":{"line":21,"column":6},"end":{"line":21,"column":21}},"15":{"start":{"line":24,"column":35},"end":{"line":24,"column":62}},"16":{"start":{"line":26,"column":4},"end":{"line":26,"column":36}},"17":{"start":{"line":28,"column":4},"end":{"line":31,"column":12}},"18":{"start":{"line":29,"column":6},"end":{"line":29,"column":43}},"19":{"start":{"line":30,"column":6},"end":{"line":30,"column":44}},"20":{"start":{"line":33,"column":4},"end":{"line":33,"column":70}},"21":{"start":{"line":35,"column":4},"end":{"line":35,"column":19}},"22":{"start":{"line":13,"column":0},"end":{"line":13,"column":22}}},"fnMap":{"0":{"name":"rmDir","decl":{"start":{"line":13,"column":22},"end":{"line":13,"column":27}},"loc":{"start":{"line":13,"column":49},"end":{"line":37,"column":null}}},"1":{"name":"(anonymous_10)","decl":{"start":{"line":28,"column":21},"end":{"line":28,"column":24}},"loc":{"start":{"line":28,"column":26},"end":{"line":31,"column":5}}}},"branchMap":{"0":{"loc":{"start":{"line":13,"column":28},"end":{"line":13,"column":49}},"type":"default-arg","locations":[{"start":{"line":13,"column":35},"end":{"line":13,"column":49}}]},"1":{"loc":{"start":{"line":19,"column":4},"end":{"line":22,"column":null}},"type":"if","locations":[{"start":{"line":19,"column":4},"end":{"line":22,"column":null}}]}},"s":{"0":1,"1":1,"2":1,"3":1,"4":1,"5":1,"6":1,"7":1,"8":1,"9":3,"10":3,"11":3,"12":3,"13":1,"14":1,"15":2,"16":1,"17":1,"18":1,"19":1,"20":2,"21":3,"22":1},"f":{"0":3,"1":1},"b":{"0":[3],"1":[1]}}
,"F:\\FrontEnd\\Code\\swell-node-core\\src\\rm\\utils\\calculateSizeDirs.ts": {"path":"F:\\FrontEnd\\Code\\swell-node-core\\src\\rm\\utils\\calculateSizeDirs.ts","statementMap":{"0":{"start":{"line":1,"column":0},"end":{"line":1,"column":54}},"1":{"start":{"line":11,"column":33},"end":{"line":33,"column":1}},"2":{"start":{"line":17,"column":16},"end":{"line":17,"column":17}},"3":{"start":{"line":18,"column":18},"end":{"line":18,"column":20}},"4":{"start":{"line":19,"column":18},"end":{"line":19,"column":19}},"5":{"start":{"line":20,"column":2},"end":{"line":28,"column":null}},"6":{"start":{"line":21,"column":4},"end":{"line":21,"column":14}},"7":{"start":{"line":22,"column":20},"end":{"line":22,"column":41}},"8":{"start":{"line":23,"column":4},"end":{"line":23,"column":25}},"9":{"start":{"line":24,"column":4},"end":{"line":27,"column":7}},"10":{"start":{"line":29,"column":2},"end":{"line":32,"column":4}},"11":{"start":{"line":11,"column":13},"end":{"line":11,"column":33}}},"fnMap":{"0":{"name":"(anonymous_0)","decl":{"start":{"line":11,"column":33},"end":{"line":11,"column":34}},"loc":{"start":{"line":16,"column":4},"end":{"line":33,"column":1}}}},"branchMap":{},"s":{"0":2,"1":2,"2":1,"3":1,"4":1,"5":1,"6":2,"7":2,"8":2,"9":2,"10":1,"11":2},"f":{"0":1},"b":{}}
,"F:\\FrontEnd\\Code\\swell-node-core\\src\\rm\\utils\\deleteFolders.ts": {"path":"F:\\FrontEnd\\Code\\swell-node-core\\src\\rm\\utils\\deleteFolders.ts","statementMap":{"0":{"start":{"line":1,"column":0},"end":{"line":1,"column":29}},"1":{"start":{"line":3,"column":29},"end":{"line":12,"column":2}},"2":{"start":{"line":3,"column":71},"end":{"line":12,"column":2}},"3":{"start":{"line":4,"column":30},"end":{"line":4,"column":31}},"4":{"start":{"line":5,"column":2},"end":{"line":11,"column":null}},"5":{"start":{"line":6,"column":4},"end":{"line":6,"column":44}},"6":{"start":{"line":7,"column":4},"end":{"line":7,"column":28}},"7":{"start":{"line":8,"column":4},"end":{"line":10,"column":6}},"8":{"start":{"line":3,"column":13},"end":{"line":3,"column":29}}},"fnMap":{"0":{"name":"(anonymous_8)","decl":{"start":{"line":3,"column":29},"end":{"line":3,"column":36}},"loc":{"start":{"line":3,"column":71},"end":{"line":12,"column":2}}},"1":{"name":"(anonymous_9)","decl":{"start":{"line":3,"column":71},"end":{"line":3,"column":null}},"loc":{"start":{"line":3,"column":71},"end":{"line":12,"column":1}}}},"branchMap":{},"s":{"0":2,"1":2,"2":1,"3":1,"4":1,"5":2,"6":2,"7":2,"8":2},"f":{"0":1,"1":1},"b":{}}
,"F:\\FrontEnd\\Code\\swell-node-core\\src\\rm\\utils\\findDirFolders.ts": {"path":"F:\\FrontEnd\\Code\\swell-node-core\\src\\rm\\utils\\findDirFolders.ts","statementMap":{"0":{"start":{"line":1,"column":0},"end":{"line":1,"column":29}},"1":{"start":{"line":2,"column":0},"end":{"line":2,"column":24}},"2":{"start":{"line":9,"column":28},"end":{"line":9,"column":30}},"3":{"start":{"line":12,"column":20},"end":{"line":12,"column":66}},"4":{"start":{"line":14,"column":4},"end":{"line":22,"column":null}},"5":{"start":{"line":15,"column":6},"end":{"line":21,"column":null}},"6":{"start":{"line":16,"column":8},"end":{"line":20,"column":null}},"7":{"start":{"line":17,"column":10},"end":{"line":17,"column":51}},"8":{"start":{"line":19,"column":10},"end":{"line":19,"column":61}},"9":{"start":{"line":25,"column":2},"end":{"line":25,"column":36}},"10":{"start":{"line":26,"column":2},"end":{"line":26,"column":17}},"11":{"start":{"line":5,"column":0},"end":{"line":5,"column":22}},"12":{"start":{"line":30,"column":2},"end":{"line":32,"column":null}},"13":{"start":{"line":31,"column":4},"end":{"line":31,"column":32}},"14":{"start":{"line":33,"column":2},"end":{"line":33,"column":24}}},"fnMap":{"0":{"name":"findDirFolders","decl":{"start":{"line":5,"column":22},"end":{"line":5,"column":36}},"loc":{"start":{"line":7,"column":26},"end":{"line":27,"column":null}}},"1":{"name":"findDirRecursive","decl":{"start":{"line":11,"column":17},"end":{"line":11,"column":33}},"loc":{"start":{"line":11,"column":45},"end":{"line":23,"column":null}}},"2":{"name":"hasPath","decl":{"start":{"line":29,"column":9},"end":{"line":29,"column":16}},"loc":{"start":{"line":29,"column":55},"end":{"line":34,"column":1}}}},"branchMap":{"0":{"loc":{"start":{"line":15,"column":6},"end":{"line":21,"column":null}},"type":"if","locations":[{"start":{"line":15,"column":6},"end":{"line":21,"column":null}}]},"1":{"loc":{"start":{"line":16,"column":8},"end":{"line":20,"column":null}},"type":"if","locations":[{"start":{"line":16,"column":8},"end":{"line":20,"column":null}},{"start":{"line":18,"column":15},"end":{"line":20,"column":null}}]},"2":{"loc":{"start":{"line":30,"column":2},"end":{"line":32,"column":null}},"type":"if","locations":[{"start":{"line":30,"column":2},"end":{"line":32,"column":null}}]}},"s":{"0":2,"1":2,"2":2,"3":3,"4":3,"5":7,"6":5,"7":4,"8":1,"9":2,"10":2,"11":2,"12":5,"13":3,"14":2},"f":{"0":2,"1":3,"2":5},"b":{"0":[5],"1":[4,1],"2":[3]}}
,"F:\\FrontEnd\\Code\\swell-node-core\\src\\rm\\utils\\generateTable.ts": {"path":"F:\\FrontEnd\\Code\\swell-node-core\\src\\rm\\utils\\generateTable.ts","statementMap":{"0":{"start":{"line":2,"column":0},"end":{"line":2,"column":30}},"1":{"start":{"line":3,"column":0},"end":{"line":3,"column":50}},"2":{"start":{"line":12,"column":19},"end":{"line":18,"column":4}},"3":{"start":{"line":20,"column":2},"end":{"line":20,"column":67}},"4":{"start":{"line":20,"column":21},"end":{"line":20,"column":65}},"5":{"start":{"line":21,"column":2},"end":{"line":21,"column":49}},"6":{"start":{"line":23,"column":2},"end":{"line":23,"column":20}},"7":{"start":{"line":24,"column":2},"end":{"line":24,"column":32}},"8":{"start":{"line":26,"column":2},"end":{"line":26,"column":16}},"9":{"start":{"line":5,"column":0},"end":{"line":5,"column":16}}},"fnMap":{"0":{"name":"generateTable","decl":{"start":{"line":5,"column":16},"end":{"line":5,"column":29}},"loc":{"start":{"line":11,"column":1},"end":{"line":27,"column":1}}},"1":{"name":"(anonymous_2)","decl":{"start":{"line":20,"column":14},"end":{"line":20,"column":15}},"loc":{"start":{"line":20,"column":21},"end":{"line":20,"column":65}}}},"branchMap":{},"s":{"0":2,"1":2,"2":1,"3":1,"4":2,"5":1,"6":1,"7":1,"8":1,"9":2},"f":{"0":1,"1":2},"b":{}}
,"F:\\FrontEnd\\Code\\swell-node-core\\src\\rm\\utils\\getDirectorySize.ts": {"path":"F:\\FrontEnd\\Code\\swell-node-core\\src\\rm\\utils\\getDirectorySize.ts","statementMap":{"0":{"start":{"line":1,"column":0},"end":{"line":1,"column":46}},"1":{"start":{"line":4,"column":2},"end":{"line":18,"column":null}},"2":{"start":{"line":8,"column":25},"end":{"line":10,"column":null}},"3":{"start":{"line":13,"column":24},"end":{"line":13,"column":42}},"4":{"start":{"line":14,"column":4},"end":{"line":14,"column":23}},"5":{"start":{"line":16,"column":4},"end":{"line":16,"column":48}},"6":{"start":{"line":17,"column":4},"end":{"line":17,"column":13}},"7":{"start":{"line":3,"column":0},"end":{"line":3,"column":16}}},"fnMap":{"0":{"name":"getDirectorySize","decl":{"start":{"line":3,"column":16},"end":{"line":3,"column":32}},"loc":{"start":{"line":3,"column":48},"end":{"line":19,"column":1}}}},"branchMap":{},"s":{"0":3,"1":2,"2":2,"3":1,"4":1,"5":1,"6":1,"7":3},"f":{"0":2},"b":{}}
,"F:\\FrontEnd\\Code\\swell-node-core\\src\\rm\\utils\\unitsFormatter.ts": {"path":"F:\\FrontEnd\\Code\\swell-node-core\\src\\rm\\utils\\unitsFormatter.ts","statementMap":{"0":{"start":{"line":1,"column":13},"end":{"line":1,"column":31}},"1":{"start":{"line":4,"column":20},"end":{"line":4,"column":53}},"2":{"start":{"line":6,"column":2},"end":{"line":8,"column":null}},"3":{"start":{"line":7,"column":4},"end":{"line":7,"column":39}},"4":{"start":{"line":10,"column":20},"end":{"line":10,"column":42}},"5":{"start":{"line":11,"column":2},"end":{"line":11,"column":37}},"6":{"start":{"line":3,"column":0},"end":{"line":3,"column":16}}},"fnMap":{"0":{"name":"unitsFormatter","decl":{"start":{"line":3,"column":16},"end":{"line":3,"column":30}},"loc":{"start":{"line":3,"column":44},"end":{"line":12,"column":1}}}},"branchMap":{"0":{"loc":{"start":{"line":6,"column":2},"end":{"line":8,"column":null}},"type":"if","locations":[{"start":{"line":6,"column":2},"end":{"line":8,"column":null}}]}},"s":{"0":3,"1":4,"2":4,"3":3,"4":1,"5":1,"6":3},"f":{"0":4},"b":{"0":[3]}}
,"F:\\FrontEnd\\Code\\swell-node-core\\src\\utils\\platform.ts": {"path":"F:\\FrontEnd\\Code\\swell-node-core\\src\\utils\\platform.ts","statementMap":{"0":{"start":{"line":1,"column":0},"end":{"line":1,"column":20}},"1":{"start":{"line":3,"column":27},"end":{"line":18,"column":1}},"2":{"start":{"line":4,"column":19},"end":{"line":4,"column":32}},"3":{"start":{"line":5,"column":17},"end":{"line":8,"column":4}},"4":{"start":{"line":9,"column":2},"end":{"line":16,"column":null}},"5":{"start":{"line":11,"column":6},"end":{"line":11,"column":28}},"6":{"start":{"line":12,"column":6},"end":{"line":12,"column":12}},"7":{"start":{"line":14,"column":6},"end":{"line":14,"column":29}},"8":{"start":{"line":15,"column":6},"end":{"line":15,"column":12}},"9":{"start":{"line":17,"column":2},"end":{"line":17,"column":16}},"10":{"start":{"line":3,"column":13},"end":{"line":3,"column":27}},"11":{"start":{"line":20,"column":28},"end":{"line":23,"column":1}},"12":{"start":{"line":21,"column":16},"end":{"line":21,"column":26}},"13":{"start":{"line":22,"column":2},"end":{"line":22,"column":null}},"14":{"start":{"line":22,"column":27},"end":{"line":22,"column":54}},"15":{"start":{"line":20,"column":13},"end":{"line":20,"column":28}},"16":{"start":{"line":25,"column":24},"end":{"line":29,"column":1}},"17":{"start":{"line":26,"column":23},"end":{"line":26,"column":36}},"18":{"start":{"line":28,"column":2},"end":{"line":28,"column":null}},"19":{"start":{"line":25,"column":13},"end":{"line":25,"column":24}}},"fnMap":{"0":{"name":"(anonymous_1)","decl":{"start":{"line":3,"column":27},"end":{"line":3,"column":null}},"loc":{"start":{"line":3,"column":27},"end":{"line":18,"column":1}}},"1":{"name":"(anonymous_2)","decl":{"start":{"line":20,"column":28},"end":{"line":20,"column":29}},"loc":{"start":{"line":20,"column":48},"end":{"line":23,"column":1}}},"2":{"name":"(anonymous_3)","decl":{"start":{"line":22,"column":19},"end":{"line":22,"column":23}},"loc":{"start":{"line":22,"column":27},"end":{"line":22,"column":54}}},"3":{"name":"(anonymous_4)","decl":{"start":{"line":25,"column":24},"end":{"line":25,"column":null}},"loc":{"start":{"line":25,"column":24},"end":{"line":29,"column":1}}}},"branchMap":{"0":{"loc":{"start":{"line":9,"column":2},"end":{"line":16,"column":null}},"type":"switch","locations":[{"start":{"line":10,"column":4},"end":{"line":12,"column":12}},{"start":{"line":13,"column":4},"end":{"line":15,"column":12}}]},"1":{"loc":{"start":{"line":28,"column":9},"end":{"line":28,"column":30}},"type":"cond-expr","locations":[{"start":{"line":28,"column":20},"end":{"line":28,"column":24}},{"start":{"line":28,"column":27},"end":{"line":28,"column":30}}]}},"s":{"0":2,"1":2,"2":6,"3":6,"4":6,"5":2,"6":2,"7":4,"8":4,"9":6,"10":2,"11":2,"12":4,"13":4,"14":8,"15":2,"16":2,"17":4,"18":4,"19":2},"f":{"0":6,"1":4,"2":8,"3":4},"b":{"0":[2,4],"1":[3,1]}}
}
