TN:
SF:src\rm\index.ts
FN:13,rmDir
FN:28,(anonymous_10)
FNF:2
FNH:2
FNDA:3,rmDir
FNDA:1,(anonymous_10)
DA:1,1
DA:2,1
DA:3,1
DA:4,1
DA:5,1
DA:6,1
DA:7,1
DA:10,1
DA:11,1
DA:13,1
DA:14,3
DA:16,3
DA:17,3
DA:19,3
DA:20,1
DA:21,1
DA:24,2
DA:26,1
DA:28,1
DA:29,1
DA:30,1
DA:33,2
DA:35,3
LF:23
LH:23
BRDA:13,0,0,3
BRDA:19,1,0,1
BRF:2
BRH:2
end_of_record
TN:
SF:src\rm\utils\calculateSizeDirs.ts
FN:11,(anonymous_0)
FNF:1
FNH:1
FNDA:1,(anonymous_0)
DA:1,2
DA:11,2
DA:17,1
DA:18,1
DA:19,1
DA:20,1
DA:21,2
DA:22,2
DA:23,2
DA:24,2
DA:29,1
LF:11
LH:11
BRF:0
BRH:0
end_of_record
TN:
SF:src\rm\utils\deleteFolders.ts
FN:3,(anonymous_8)
FN:3,(anonymous_9)
FNF:2
FNH:2
FNDA:1,(anonymous_8)
FNDA:1,(anonymous_9)
DA:1,2
DA:3,2
DA:4,1
DA:5,1
DA:6,2
DA:7,2
DA:8,2
LF:7
LH:7
BRF:0
BRH:0
end_of_record
TN:
SF:src\rm\utils\findDirFolders.ts
FN:5,findDirFolders
FN:11,findDirRecursive
FN:29,hasPath
FNF:3
FNH:3
FNDA:2,findDirFolders
FNDA:3,findDirRecursive
FNDA:5,hasPath
DA:1,2
DA:2,2
DA:5,2
DA:9,2
DA:12,3
DA:14,3
DA:15,7
DA:16,5
DA:17,4
DA:19,1
DA:25,2
DA:26,2
DA:30,5
DA:31,3
DA:33,2
LF:15
LH:15
BRDA:15,0,0,5
BRDA:16,1,0,4
BRDA:16,1,1,1
BRDA:30,2,0,3
BRF:4
BRH:4
end_of_record
TN:
SF:src\rm\utils\generateTable.ts
FN:5,generateTable
FN:20,(anonymous_2)
FNF:2
FNH:2
FNDA:1,generateTable
FNDA:2,(anonymous_2)
DA:2,2
DA:3,2
DA:5,2
DA:12,1
DA:20,2
DA:21,1
DA:23,1
DA:24,1
DA:26,1
LF:9
LH:9
BRF:0
BRH:0
end_of_record
TN:
SF:src\rm\utils\getDirectorySize.ts
FN:3,getDirectorySize
FNF:1
FNH:1
FNDA:2,getDirectorySize
DA:1,3
DA:3,3
DA:4,2
DA:8,2
DA:13,1
DA:14,1
DA:16,1
DA:17,1
LF:8
LH:8
BRF:0
BRH:0
end_of_record
TN:
SF:src\rm\utils\unitsFormatter.ts
FN:3,unitsFormatter
FNF:1
FNH:1
FNDA:4,unitsFormatter
DA:1,3
DA:3,3
DA:4,4
DA:6,4
DA:7,3
DA:10,1
DA:11,1
LF:7
LH:7
BRDA:6,0,0,3
BRF:1
BRH:1
end_of_record
TN:
SF:src\utils\platform.ts
FN:3,(anonymous_1)
FN:20,(anonymous_2)
FN:22,(anonymous_3)
FN:25,(anonymous_4)
FNF:4
FNH:4
FNDA:6,(anonymous_1)
FNDA:4,(anonymous_2)
FNDA:8,(anonymous_3)
FNDA:4,(anonymous_4)
DA:1,2
DA:3,2
DA:4,6
DA:5,6
DA:9,6
DA:11,2
DA:12,2
DA:14,4
DA:15,4
DA:17,6
DA:20,2
DA:21,4
DA:22,8
DA:25,2
DA:26,4
DA:28,4
LF:16
LH:16
BRDA:9,0,0,2
BRDA:9,0,1,4
BRDA:28,1,0,3
BRDA:28,1,1,1
BRF:4
BRH:4
end_of_record
